#-----------------------------------------------------------
# xsim v2020.2 (64-bit)
# SW Build 3064766 on Wed Nov 18 09:12:45 MST 2020
# IP Build 3064653 on Wed Nov 18 14:17:31 MST 2020
# Start of session at: Thu Jun 17 22:18:39 2021
# Process ID: 14132
# Current directory: D:/uart_loopback_win
# Command line: xsim.exe -source {xsim.dir/test_uart.sim/xsim_script.tcl}
# Log file: D:/uart_loopback_win/xsim.log
# Journal file: D:/uart_loopback_win\xsim.jou
#-----------------------------------------------------------
start_gui
source xsim.dir/test_uart.sim/xsim_script.tcl
# set_param project.enableReportConfiguration 0
# load_feature core
# current_fileset
INFO: [IP_Flow 19-234] Refreshing IP repositories
INFO: [IP_Flow 19-1704] No user IP repositories specified
INFO: [IP_Flow 19-2313] Loaded Vivado IP repository 'C:/Xilinx/Vivado/2020.2/data/ip'.
current_fileset: Time (s): cpu = 00:00:12 ; elapsed = 00:00:05 . Memory (MB): peak = 1197.660 ; gain = 0.000
# xsim {test_uart.sim} -autoloadwcfg
Vivado Simulator 2020.2
Time resolution is 1 ns
add_wave {{/test_uart/pin_send}} {{/test_uart/pin_recv}} {{/test_uart/pin_delay}} {{/test_uart/clk}} {{/test_uart/rstn}} {{/test_uart/txchar}} {{/test_uart/start_bit}} {{/test_uart/stop_bit}} {{/test_uart/i}} {{/test_uart/j}} 
current_wave_config {Untitled 1}
Untitled 1
add_wave {{/test_uart/u1/u1/sdata}} {{/test_uart/u1/u1/tx_start}} {{/test_uart/u1/u1/tx_busy}} {{/test_uart/u1/u1/txd}} {{/test_uart/u1/u1/clk}} {{/test_uart/u1/u1/rstn}} {{/test_uart/u1/u1/txbuf}} {{/test_uart/u1/u1/status}} {{/test_uart/u1/u1/counter}} {{/test_uart/u1/u1/next}} {{/test_uart/u1/u1/fin_stop_bit}} {{/test_uart/u1/u1/rst_ctr}} 
run all
$finish called at time : 67707976 ns : File "D:/uart_loopback_win/test_uart.sv" Line 90
run: Time (s): cpu = 00:00:43 ; elapsed = 00:00:35 . Memory (MB): peak = 1197.660 ; gain = 0.000
close_sim
INFO: [Simtcl 6-16] Simulation closed
exit
INFO: [Common 17-206] Exiting xsim at Thu Jun 17 22:23:04 2021...
