#-----------------------------------------------------------
# xsim v2020.2 (64-bit)
# SW Build 3064766 on Wed Nov 18 09:12:45 MST 2020
# IP Build 3064653 on Wed Nov 18 14:17:31 MST 2020
# Start of session at: Thu Jun  3 14:03:15 2021
# Process ID: 17992
# Current directory: D:/fadd_archive
# Command line: xsim.exe -mode tcl -source {xsim.dir/test_fadd_p2.sim/xsim_script.tcl}
# Log file: D:/fadd_archive/xsim.log
# Journal file: D:/fadd_archive\xsim.jou
#-----------------------------------------------------------
source xsim.dir/test_fadd_p2.sim/xsim_script.tcl
# xsim {test_fadd_p2.sim} -autoloadwcfg -runall
Vivado Simulator 2020.2
Time resolution is 100 ps
run -all
start of checking module fadd_p2
difference message format
x1 = [input 1(bit)], [exponent 1(decimal)]
x2 = [input 2(bit)], [exponent 2(decimal)]
ref. : result(float) sign(bit),exponent(decimal),mantissa(bit) overflow(bit)
fadd : result(float) sign(bit),exponent(decimal),mantissa(bit) overflow(bit)
end of checking module fadd_p2
$finish called at time : 52898005 ns : File "D:/fadd_archive/test_fadd_p2.sv" Line 144
run: Time (s): cpu = 00:00:02 ; elapsed = 00:02:58 . Memory (MB): peak = 925.090 ; gain = 0.012
exit
INFO: [Common 17-206] Exiting xsim at Thu Jun  3 14:06:16 2021...
