#-----------------------------------------------------------
# Vivado v2020.2 (64-bit)
# SW Build 3064766 on Wed Nov 18 09:12:45 MST 2020
# IP Build 3064653 on Wed Nov 18 14:17:31 MST 2020
# Start of session at: Thu May 20 13:23:06 2021
# Process ID: 23028
# Current directory: D:/div_archive/div32p2check
# Command line: vivado.exe -gui_launcher_event rodinguilauncherevent17696 D:\div_archive\div32p2check\div32p2check.xpr
# Log file: D:/div_archive/div32p2check/vivado.log
# Journal file: D:/div_archive/div32p2check\vivado.jou
#-----------------------------------------------------------
start_gui
open_project D:/div_archive/div32p2check/div32p2check.xpr
WARNING: [filemgmt 56-3] Board Part Repository Path: Could not find the directory 'D:/../../../../opt/vivado-boards-master/new/board_files'.
Scanning sources...
Finished scanning sources
INFO: [IP_Flow 19-234] Refreshing IP repositories
INFO: [IP_Flow 19-1704] No user IP repositories specified
INFO: [IP_Flow 19-2313] Loaded Vivado IP repository 'C:/Xilinx/Vivado/2020.2/data/ip'.
open_project: Time (s): cpu = 00:00:19 ; elapsed = 00:00:07 . Memory (MB): peak = 1017.637 ; gain = 0.000
update_compile_order -fileset sources_1
reset_run synth_1
update_module_reference design_1_div32p2_0_0
INFO: [IP_Flow 19-5107] Inferred bus interface 'rstn' of definition 'xilinx.com:signal:reset:1.0' (from Xilinx Repository).
INFO: [IP_Flow 19-5107] Inferred bus interface 'clk' of definition 'xilinx.com:signal:clock:1.0' (from Xilinx Repository).
INFO: [IP_Flow 19-4728] Bus Interface 'rstn': Added interface parameter 'POLARITY' with value 'ACTIVE_LOW'.
INFO: [IP_Flow 19-4728] Bus Interface 'clk': Added interface parameter 'ASSOCIATED_RESET' with value 'rstn'.
WARNING: [IP_Flow 19-3157] Bus Interface 'rstn': Bus parameter POLARITY is ACTIVE_LOW but port 'rstn' is not *resetn - please double check the POLARITY setting.
WARNING: [IP_Flow 19-5661] Bus Interface 'clk' does not have any bus interfaces associated with it.
INFO: [IP_Flow 19-234] Refreshing IP repositories
INFO: [IP_Flow 19-1704] No user IP repositories specified
Reading block design file <D:/div_archive/div32p2check/div32p2check.srcs/sources_1/bd/design_1/design_1.bd>...
Adding component instance block -- xilinx.com:ip:c_shift_ram:12.0 - c_shift_ram_0
Adding component instance block -- xilinx.com:ip:c_shift_ram:12.0 - c_shift_ram_1
Adding component instance block -- xilinx.com:ip:c_shift_ram:12.0 - c_shift_ram_2
Adding component instance block -- xilinx.com:ip:c_shift_ram:12.0 - c_shift_ram_3
Adding component instance block -- xilinx.com:ip:util_reduced_logic:2.0 - util_reduced_logic_0
Adding component instance block -- xilinx.com:ip:util_reduced_logic:2.0 - util_reduced_logic_1
Adding component instance block -- xilinx.com:module_ref:div32p2:1.0 - div32p2_0
Adding component instance block -- xilinx.com:ip:clk_wiz:6.0 - clk_wiz_0
Successfully read diagram <design_1> from block design file <D:/div_archive/div32p2check/div32p2check.srcs/sources_1/bd/design_1/design_1.bd>
Upgrading 'D:/div_archive/div32p2check/div32p2check.srcs/sources_1/bd/design_1/design_1.bd'
INFO: [IP_Flow 19-1972] Upgraded design_1_div32p2_0_0 from div32p2_v1_0 1.0 to div32p2_v1_0 1.0
Wrote  : <D:\div_archive\div32p2check\div32p2check.srcs\sources_1\bd\design_1\design_1.bd> 
Wrote  : <D:/div_archive/div32p2check/div32p2check.srcs/sources_1/bd/design_1/ui/bd_1f5defd0.ui> 
upgrade_ip: Time (s): cpu = 00:00:16 ; elapsed = 00:00:11 . Memory (MB): peak = 1017.637 ; gain = 0.000
update_module_reference: Time (s): cpu = 00:00:16 ; elapsed = 00:00:11 . Memory (MB): peak = 1017.637 ; gain = 0.000
launch_runs impl_1 -jobs 12
WARNING: [BD 41-1781] Updates have been made to one or more nets/interface connections maexit
INFO: [Common 17-206] Exiting Vivado at Thu May 20 13:50:59 2021...
e in the block-design, will be automatically available for debug in Hardware Manager.
For unconnected Debug nets, please open synthesized design and use 'Set Up Debug' wizard to insert, modify or delete Debug Cores. 
INFO: [xilinx.com:ip:c_shift_ram:12.0-913] /c_shift_ram_0 Width has been set to manual on the GUI. It will not be updated during validation with a propagated value.
INFO: [xilinx.com:ip:c_shift_ram:12.0-913] /c_shift_ram_2 Width has been set to manual on the GUI. It will not be updated during validation with a propagated value.
INFO: [xilinx.com:ip:c_shift_ram:12.0-913] /c_shift_ram_3 Width has been set to manual on the GUI. It will not be updated during validation with a propagated value.
INFO: [xilinx.com:ip:clk_wiz:6.0-1] /clk_wiz_0 clk_wiz propagate
INFO: [xilinx.com:ip:c_shift_ram:12.0-913] /c_shift_ram_1 Width has been set to manual on the GUI. It will not be updated during validation with a propagated value.
Wrote  : <D:\div_archive\div32p2check\div32p2check.srcs\sources_1\bd\design_1\design_1.bd> 
VHDL Output written to : D:/div_archive/div32p2check/div32p2check.srcs/sources_1/bd/design_1/synth/design_1.v
VHDL Output written to : D:/div_archive/div32p2check/div32p2check.srcs/sources_1/bd/design_1/sim/design_1.v
VHDL Output written to : D:/div_archive/div32p2check/div32p2check.srcs/sources_1/bd/design_1/hdl/design_1_wrapper.v
INFO: [BD 41-1029] Generation completed for the IP Integrator block div32p2_0 .
Exporting to file D:/div_archive/div32p2check/div32p2check.srcs/sources_1/bd/design_1/hw_handoff/design_1.hwh
Generated Block Design Tcl file D:/div_archive/div32p2check/div32p2check.srcs/sources_1/bd/design_1/hw_handoff/design_1_bd.tcl
Generated Hardware Definition File D:/div_archive/div32p2check/div32p2check.srcs/sources_1/bd/design_1/synth/design_1.hwdef
[Thu May 20 13:24:11 2021] Launched design_1_div32p2_0_0_synth_1, synth_1...
Run output will be captured here:
design_1_div32p2_0_0_synth_1: D:/div_archive/div32p2check/div32p2check.runs/design_1_div32p2_0_0_synth_1/runme.log
synth_1: D:/div_archive/div32p2check/div32p2check.runs/synth_1/runme.log
[Thu May 20 13:24:12 2021] Launched impl_1...
Run output will be captured here: D:/div_archive/div32p2check/div32p2check.runs/impl_1/runme.log
launch_runs: Time (s): cpu = 00:00:05 ; elapsed = 00:00:09 . Memory (MB): peak = 1110.191 ; gain = 92.555
open_run impl_1
INFO: [Device 21-403] Loading part xc7a35ticsg324-1L
Netlist sorting complete. Time (s): cpu = 00:00:00 ; elapsed = 00:00:00.237 . Memory (MB): peak = 1251.020 ; gain = 0.000
INFO: [Netlist 29-17] Analyzing 289 Unisim elements for replacement
INFO: [Netlist 29-28] Unisim Transformation completed in 0 CPU seconds
INFO: [Project 1-479] Netlist was created with Vivado 2020.2
INFO: [Project 1-570] Preparing netlist for logic optimization
INFO: [Timing 38-478] Restoring timing data from binary archive.
INFO: [Timing 38-479] Binary timing data restore complete.
INFO: [Project 1-856] Restoring constraints from binary archive.
INFO: [Project 1-853] Binary constraint restore complete.
Reading XDEF placement.
Reading placer database...
Reading XDEF routing.
Read XDEF File: Time (s): cpu = 00:00:01 ; elapsed = 00:00:00.394 . Memory (MB): peak = 1944.082 ; gain = 0.000
Restored from archive | CPU: 1.000000 secs | Memory: 0.000000 MB |
Finished XDEF File Restore: Time (s): cpu = 00:00:01 ; elapsed = 00:00:00.394 . Memory (MB): peak = 1944.082 ; gain = 0.000
Netlist sorting complete. Time (s): cpu = 00:00:00 ; elapsed = 00:00:00.002 . Memory (MB): peak = 1944.082 ; gain = 0.000
INFO: [Project 1-111] Unisim Transformation Summary:
No Unisim elements were transformed.

open_run: Time (s): cpu = 00:00:30 ; elapsed = 00:00:20 . Memory (MB): peak = 2079.410 ; gain = 967.129
CRITICAL WARNING: [Timing 38-282] The design failed to meet the timing requirements. Please see the timing summary report for details on the timing violations.
exit
INFO: [Common 17-206] Exiting Vivado at Thu May 20 13:51:07 2021...
